#
# A fatal error has been detected by the Java Runtime Environment:
#
#  EXCEPTION_ACCESS_VIOLATION (0xc0000005) at pc=0x00007ffc2e1b5550, pid=12924, tid=22588
#
# JRE version: OpenJDK Runtime Environment Corretto-21.0.5.11.1 (21.0.5+11) (build 21.0.5+11-LTS)
# Java VM: OpenJDK 64-Bit Server VM Corretto-21.0.5.11.1 (21.0.5+11-LTS, mixed mode, sharing, tiered, compressed oops, compressed class ptrs, parallel gc, windows-amd64)
# Problematic frame:
# V  [jvm.dll+0x3c5550]
#
# No core dump will be written. Minidumps are not enabled by default on client versions of Windows
#
# If you would like to submit a bug report, please visit:
#   https://github.com/corretto/corretto-21/issues/
#

---------------  S U M M A R Y ------------

Command Line: --add-modules=ALL-SYSTEM --add-opens=java.base/java.util=ALL-UNNAMED --add-opens=java.base/java.lang=ALL-UNNAMED --add-opens=java.base/sun.nio.fs=ALL-UNNAMED -Declipse.application=org.eclipse.jdt.ls.core.id1 -Dosgi.bundles.defaultStartLevel=4 -Declipse.product=org.eclipse.jdt.ls.core.product -Djava.import.generatesMetadataFilesAtProjectRoot=false -DDetectVMInstallationsJob.disabled=true -Dfile.encoding=utf8 -XX:+UseParallelGC -XX:GCTimeRatio=4 -XX:AdaptiveSizePolicyWeight=90 -Dsun.zip.disableMemoryMapping=true -Xmx1G -Xms100m -Xlog:disable -javaagent:c:\Users\cool_\.vscode\extensions\redhat.java-1.36.0-win32-x64\lombok\lombok-1.18.35.jar -XX:+HeapDumpOnOutOfMemoryError -XX:HeapDumpPath=c:\Users\cool_\AppData\Roaming\Code\User\workspaceStorage\6cc76fc6901196e0f1eb57a176b7b624\redhat.java -Daether.dependencyCollector.impl=bf c:\Users\cool_\.vscode\extensions\redhat.java-1.36.0-win32-x64\server\plugins\org.eclipse.equinox.launcher_1.6.900.v20240613-2009.jar -configuration c:\Users\cool_\AppData\Roaming\Code\User\globalStorage\redhat.java\1.36.0\config_win -data c:\Users\cool_\AppData\Roaming\Code\User\workspaceStorage\6cc76fc6901196e0f1eb57a176b7b624\redhat.java\jdt_ws --pipe=\\.\pipe\lsp-f70f5703bf57354ae92b8a12bcac9856-sock

Host: Intel(R) Core(TM) i7-8665U CPU @ 1.90GHz, 8 cores, 31G,  Windows 11 , 64 bit Build 22621 (10.0.22621.3958)
Time: Mon Nov 25 15:31:22 2024 Mitteleuropäische Zeit elapsed time: 9440.686639 seconds (0d 2h 37m 20s)

---------------  T H R E A D  ---------------

Current thread (0x00000234ee1cbff0):  JavaThread "C2 CompilerThread0" daemon [_thread_in_native, id=22588, stack(0x000000af7ff00000,0x000000af80000000) (1024K)]


Current CompileTask:
C2:9440686 11779 % !   4       org.eclipse.jdt.internal.compiler.classfmt.ClassFileReader::<init> @ 63 (2119 bytes)

Stack: [0x000000af7ff00000,0x000000af80000000],  sp=0x000000af7fffc9c0,  free space=1010k
Native frames: (J=compiled Java code, j=interpreted, Vv=VM code, C=native code)
V  [jvm.dll+0x3c5550]
V  [jvm.dll+0x3be901]
V  [jvm.dll+0x1e4f41]
V  [jvm.dll+0x24e714]
V  [jvm.dll+0x24db91]
V  [jvm.dll+0x1cc3c4]
V  [jvm.dll+0x25d249]
V  [jvm.dll+0x25b7fb]
V  [jvm.dll+0x3fab46]
V  [jvm.dll+0x85ed68]
V  [jvm.dll+0x6d836d]
C  [ucrtbase.dll+0x29333]
C  [KERNEL32.DLL+0x1257d]
C  [ntdll.dll+0x5af28]


siginfo: EXCEPTION_ACCESS_VIOLATION (0xc0000005), reading address 0x00007ff42ea94340


Registers:
RAX=0x0000000000000000, RBX=0x000000af7fffca10, RCX=0x0000000000000000, RDX=0x00007ff42ea94340
RSP=0x000000af7fffc9c0, RBP=0x000000af7fffcb20, RSI=0x00007ffc2ea94340, RDI=0x0000000000000028
R8 =0x0000080000000000, R9 =0x0000000000000004, R10=0x0000000000000003, R11=0x00000234f55ac6c0
R12=0x0000000000000000, R13=0x00000234f9953188, R14=0x000000000000002b, R15=0x00007ffc2ea94340
RIP=0x00007ffc2e1b5550, EFLAGS=0x0000000000010246


Register to memory mapping:

RAX=0x0 is null
RBX=0x000000af7fffca10 is pointing into the stack for thread: 0x00000234ee1cbff0
RCX=0x0 is null
RDX=0x00007ff42ea94340 is an unknown value
RSP=0x000000af7fffc9c0 is pointing into the stack for thread: 0x00000234ee1cbff0
RBP=0x000000af7fffcb20 is pointing into the stack for thread: 0x00000234ee1cbff0
RSI=0x00007ffc2ea94340 jvm.dll
RDI=0x0000000000000028 is an unknown value
R8 =0x0000080000000000 is an unknown value
R9 =0x0000000000000004 is an unknown value
R10=0x0000000000000003 is an unknown value
R11=0x00000234f55ac6c0 points into unknown readable memory: 0x0000000000000000 | 00 00 00 00 00 00 00 00
R12=0x0 is null
R13=0x00000234f9953188 points into unknown readable memory: 0x9000056aa38b2706 | 06 27 8b a3 6a 05 00 90
R14=0x000000000000002b is an unknown value
R15=0x00007ffc2ea94340 jvm.dll

Top of Stack: (sp=0x000000af7fffc9c0)
0x000000af7fffc9c0:   000002349384b7d0 00000234f70dc900
0x000000af7fffc9d0:   00000000002f6288 00007ffc2e8347d8
0x000000af7fffc9e0:   000002348872d990 00007ffc2e1ae901
0x000000af7fffc9f0:   0000000000002c2b 0000000000002c2b
0x000000af7fffca00:   000002349384b700 0000000000000000
0x000000af7fffca10:   0000000000000000 0000000200001a42
0x000000af7fffca20:   0000002d0000001b 00007ff42ea94340
0x000000af7fffca30:   00000234f56d62b8 00000234887e0b30
0x000000af7fffca40:   00000234f9952db0 0000000000000000
0x000000af7fffca50:   000000af7fffcb60 00007ffc2dfd4f41
0x000000af7fffca60:   000000af7fffcea0 000000af7fffcf80
0x000000af7fffca70:   00000000000003d8 00000234f9952da0
0x000000af7fffca80:   000000000000b500 000000000000000e
0x000000af7fffca90:   000000af7fffcb07 00000234f9952da0
0x000000af7fffcaa0:   00000234f9a597a0 00000234f9a60a70
0x000000af7fffcab0:   00000234f9a61788 0000000000d2d088
0x000000af7fffcac0:   0000000000000000 0000000000000000
0x000000af7fffcad0:   000000000000b530 000000000000e400
0x000000af7fffcae0:   0000000000000000 00007ffc2e7fdf50
0x000000af7fffcaf0:   0000000000000000 000000af7fffe390
0x000000af7fffcb00:   0000000000000000 00007ffc2e7fdf50
0x000000af7fffcb10:   0000000000000000 000002349384b7d0
0x000000af7fffcb20:   000037e60000000c 000000af7fffe390
0x000000af7fffcb30:   0000023488627050 00000002f7d1ca00
0x000000af7fffcb40:   0000023488821050 00000000000030f5
0x000000af7fffcb50:   000000af7fffca90 00000234f9952db0
0x000000af7fffcb60:   00007ffc2e7fdf20 000002340000000d
0x000000af7fffcb70:   000000af7fffe390 000000af7fffcea0
0x000000af7fffcb80:   0000000000003938 00007ffc2deb6b23
0x000000af7fffcb90:   000002340000000a 000000af7fffe390
0x000000af7fffcba0:   00000234f8dbe0b0 0000000000000000
0x000000af7fffcbb0:   00000234fafebfe0 00000234fb4e0890 

Instructions: (pc=0x00007ffc2e1b5550)
0x00007ffc2e1b5450:   48 8b a8 80 00 00 00 48 8b 8d d8 08 00 00 48 85
0x00007ffc2e1b5460:   c9 75 0c e8 78 0b 00 00 48 8b 8d d8 08 00 00 48
0x00007ffc2e1b5470:   8b 01 0f 57 c0 48 89 85 d8 08 00 00 0f 11 01 0f
0x00007ffc2e1b5480:   11 41 10 41 0f 10 06 0f 11 01 41 0f 10 4e 10 0f
0x00007ffc2e1b5490:   11 49 10 48 8b 43 08 48 89 0c 06 ff c7 ba 70 00
0x00007ffc2e1b54a0:   00 00 3b bb 90 00 00 00 0f 82 62 ff ff ff 4c 8b
0x00007ffc2e1b54b0:   74 24 60 4c 8b 6c 24 58 4c 8b 64 24 50 48 8b c3
0x00007ffc2e1b54c0:   48 83 c4 20 41 5f 5f 5e 5d 5b c3 cc cc cc cc cc
0x00007ffc2e1b54d0:   40 53 48 83 ec 20 8b 51 0c 48 8b d9 83 fa 04 73
0x00007ffc2e1b54e0:   2a 4c 8b 59 18 66 66 66 0f 1f 84 00 00 00 00 00
0x00007ffc2e1b54f0:   44 8b d2 44 8d 4a 01 4b 83 3c d3 00 0f 85 8f 00
0x00007ffc2e1b5500:   00 00 41 8b d1 41 83 f9 04 72 e5 48 89 74 24 30
0x00007ffc2e1b5510:   48 89 7c 24 38 8b 79 10 3b 79 14 73 62 48 8d 35
0x00007ffc2e1b5520:   1c ee 8d 00 0f 1f 40 00 0f 1f 84 00 00 00 00 00
0x00007ffc2e1b5530:   48 8b 43 20 8b cf 48 8b 14 c8 48 3b d6 74 39 33
0x00007ffc2e1b5540:   c0 48 89 53 18 33 c9 66 0f 1f 84 00 00 00 00 00
0x00007ffc2e1b5550:   48 83 3c 11 00 44 8d 48 01 75 6f 48 83 c1 08 41
0x00007ffc2e1b5560:   8b c1 41 83 f9 04 72 e8 48 8b 4b 28 48 85 c9 74
0x00007ffc2e1b5570:   07 8b d7 e8 58 01 00 00 ff c7 3b 7b 14 72 b1 48
0x00007ffc2e1b5580:   8b 74 24 30 33 c0 48 8b 7c 24 38 48 83 c4 20 5b
0x00007ffc2e1b5590:   c3 8b 41 10 44 8d 04 82 41 c1 e0 06 41 81 c0 00
0x00007ffc2e1b55a0:   ff ff ff 44 89 41 08 4b 8b 14 d3 48 0f bc c2 44
0x00007ffc2e1b55b0:   89 49 0c 8b c8 48 d3 ea 48 ff ca 41 03 c0 48 89
0x00007ffc2e1b55c0:   13 89 43 08 48 83 c4 20 5b c3 48 8b 74 24 30 44
0x00007ffc2e1b55d0:   8d 04 b8 8b c8 8d 47 01 48 8b 7c 24 38 41 c1 e0
0x00007ffc2e1b55e0:   06 44 89 43 08 48 8b 14 ca 89 43 10 48 0f bc c2
0x00007ffc2e1b55f0:   44 89 4b 0c 8b c8 48 d3 ea 48 ff ca 41 03 c0 48
0x00007ffc2e1b5600:   89 13 89 43 08 48 83 c4 20 5b c3 cc cc cc cc cc
0x00007ffc2e1b5610:   40 53 48 83 ec 20 65 48 8b 04 25 58 00 00 00 8b
0x00007ffc2e1b5620:   0d 43 6b 92 00 48 8b 1c c8 b8 70 00 00 00 80 3c
0x00007ffc2e1b5630:   18 00 75 05 e8 87 07 59 00 b8 20 00 00 00 48 8b
0x00007ffc2e1b5640:   04 18 48 8b 88 60 06 00 00 48 8b 99 80 00 00 00 


Stack slot to memory mapping:

stack at sp + 0 slots: 0x000002349384b7d0 points into unknown readable memory: 0x00000234937a3407 | 07 34 7a 93 34 02 00 00
stack at sp + 1 slots: 0x00000234f70dc900 points into unknown readable memory: 0x0000000000000000 | 00 00 00 00 00 00 00 00
stack at sp + 2 slots: 0x00000000002f6288 is an unknown value
stack at sp + 3 slots: 0x00007ffc2e8347d8 jvm.dll
stack at sp + 4 slots: 0x000002348872d990 points into unknown readable memory: 0x0000002d000005b4 | b4 05 00 00 2d 00 00 00
stack at sp + 5 slots: 0x00007ffc2e1ae901 jvm.dll
stack at sp + 6 slots: 0x0000000000002c2b is an unknown value
stack at sp + 7 slots: 0x0000000000002c2b is an unknown value


---------------  P R O C E S S  ---------------

Threads class SMR info:
_java_thread_list=0x00000234f89bb670, length=38, elements={
0x00000234937a34d0, 0x000002349385ca90, 0x000002349385e390, 0x00000234ee1c53d0,
0x00000234ee1c6640, 0x00000234ee1c7550, 0x00000234ee1c91b0, 0x00000234ee1cbff0,
0x00000234efbfd7b0, 0x00000234efc91220, 0x00000234efec7250, 0x00000234f46940f0,
0x00000234f4752fd0, 0x00000234f45b6170, 0x00000234f41f4420, 0x00000234f4703120,
0x00000234f44eaff0, 0x00000234f46fa490, 0x00000234f46fbed0, 0x00000234f46fd280,
0x00000234f46f9e00, 0x00000234f46fb1b0, 0x00000234f77fefc0, 0x00000234f7800370,
0x00000234f77ff650, 0x00000234f77fd580, 0x00000234f77fcef0, 0x00000234f77fdc10,
0x00000234f77fe2a0, 0x00000234f4076150, 0x00000234f4078f40, 0x00000234f4075ac0,
0x00000234f40767e0, 0x00000234f407a980, 0x00000234eff6f110, 0x00000234eff6e3f0,
0x00000234f407b010, 0x00000234f40795d0
}

Java Threads: ( => current thread )
  0x00000234937a34d0 JavaThread "main"                              [_thread_blocked, id=16012, stack(0x000000af7f500000,0x000000af7f600000) (1024K)]
  0x000002349385ca90 JavaThread "Reference Handler"          daemon [_thread_blocked, id=22560, stack(0x000000af7f900000,0x000000af7fa00000) (1024K)]
  0x000002349385e390 JavaThread "Finalizer"                  daemon [_thread_blocked, id=22564, stack(0x000000af7fa00000,0x000000af7fb00000) (1024K)]
  0x00000234ee1c53d0 JavaThread "Signal Dispatcher"          daemon [_thread_blocked, id=22568, stack(0x000000af7fb00000,0x000000af7fc00000) (1024K)]
  0x00000234ee1c6640 JavaThread "Attach Listener"            daemon [_thread_blocked, id=22572, stack(0x000000af7fc00000,0x000000af7fd00000) (1024K)]
  0x00000234ee1c7550 JavaThread "Service Thread"             daemon [_thread_blocked, id=22580, stack(0x000000af7fd00000,0x000000af7fe00000) (1024K)]
  0x00000234ee1c91b0 JavaThread "Monitor Deflation Thread"   daemon [_thread_blocked, id=22584, stack(0x000000af7fe00000,0x000000af7ff00000) (1024K)]
=>0x00000234ee1cbff0 JavaThread "C2 CompilerThread0"         daemon [_thread_in_native, id=22588, stack(0x000000af7ff00000,0x000000af80000000) (1024K)]
  0x00000234efbfd7b0 JavaThread "C1 CompilerThread0"         daemon [_thread_blocked, id=22636, stack(0x000000af00000000,0x000000af00100000) (1024K)]
  0x00000234efc91220 JavaThread "Common-Cleaner"             daemon [_thread_blocked, id=22724, stack(0x000000af00100000,0x000000af00200000) (1024K)]
  0x00000234efec7250 JavaThread "Notification Thread"        daemon [_thread_blocked, id=22660, stack(0x000000af00200000,0x000000af00300000) (1024K)]
  0x00000234f46940f0 JavaThread "Active Thread: Equinox Container: b4496430-e069-4684-b80e-6ec7148a7c20"        [_thread_blocked, id=6952, stack(0x000000af00a00000,0x000000af00b00000) (1024K)]
  0x00000234f4752fd0 JavaThread "Refresh Thread: Equinox Container: b4496430-e069-4684-b80e-6ec7148a7c20" daemon [_thread_blocked, id=17748, stack(0x000000af00b00000,0x000000af00c00000) (1024K)]
  0x00000234f45b6170 JavaThread "Framework Event Dispatcher: Equinox Container: b4496430-e069-4684-b80e-6ec7148a7c20" daemon [_thread_blocked, id=7772, stack(0x000000af00d00000,0x000000af00e00000) (1024K)]
  0x00000234f41f4420 JavaThread "Start Level: Equinox Container: b4496430-e069-4684-b80e-6ec7148a7c20" daemon [_thread_blocked, id=1836, stack(0x000000af00e00000,0x000000af00f00000) (1024K)]
  0x00000234f4703120 JavaThread "Bundle File Closer"         daemon [_thread_blocked, id=22620, stack(0x000000af00f00000,0x000000af01000000) (1024K)]
  0x00000234f44eaff0 JavaThread "SCR Component Actor"        daemon [_thread_blocked, id=22808, stack(0x000000af01000000,0x000000af01100000) (1024K)]
  0x00000234f46fa490 JavaThread "Worker-JM"                         [_thread_blocked, id=7976, stack(0x000000af01300000,0x000000af01400000) (1024K)]
  0x00000234f46fbed0 JavaThread "JNA Cleaner"                daemon [_thread_blocked, id=2844, stack(0x000000af01200000,0x000000af01300000) (1024K)]
  0x00000234f46fd280 JavaThread "Worker-0"                          [_thread_blocked, id=19412, stack(0x000000af01400000,0x000000af01500000) (1024K)]
  0x00000234f46f9e00 JavaThread "Worker-2"                          [_thread_blocked, id=2572, stack(0x000000af01700000,0x000000af01800000) (1024K)]
  0x00000234f46fb1b0 JavaThread "Java indexing"              daemon [_thread_blocked, id=21720, stack(0x000000af01a00000,0x000000af01b00000) (1024K)]
  0x00000234f77fefc0 JavaThread "Thread-2"                   daemon [_thread_in_native, id=19540, stack(0x000000af02000000,0x000000af02100000) (1024K)]
  0x00000234f7800370 JavaThread "Thread-3"                   daemon [_thread_in_native, id=10572, stack(0x000000af02100000,0x000000af02200000) (1024K)]
  0x00000234f77ff650 JavaThread "Thread-4"                   daemon [_thread_in_native, id=11752, stack(0x000000af02200000,0x000000af02300000) (1024K)]
  0x00000234f77fd580 JavaThread "Thread-5"                   daemon [_thread_in_native, id=10072, stack(0x000000af02300000,0x000000af02400000) (1024K)]
  0x00000234f77fcef0 JavaThread "Thread-6"                   daemon [_thread_in_native, id=20612, stack(0x000000af02400000,0x000000af02500000) (1024K)]
  0x00000234f77fdc10 JavaThread "Thread-7"                   daemon [_thread_in_native, id=8212, stack(0x000000af02500000,0x000000af02600000) (1024K)]
  0x00000234f77fe2a0 JavaThread "Thread-8"                   daemon [_thread_in_native, id=15244, stack(0x000000af02600000,0x000000af02700000) (1024K)]
  0x00000234f4076150 JavaThread "Thread-9"                   daemon [_thread_in_native, id=19488, stack(0x000000af02700000,0x000000af02800000) (1024K)]
  0x00000234f4078f40 JavaThread "Thread-10"                  daemon [_thread_in_native, id=21780, stack(0x000000af02800000,0x000000af02900000) (1024K)]
  0x00000234f4075ac0 JavaThread "pool-2-thread-1"                   [_thread_blocked, id=21240, stack(0x000000af02900000,0x000000af02a00000) (1024K)]
  0x00000234f40767e0 JavaThread "WorkspaceEventsHandler"            [_thread_blocked, id=4624, stack(0x000000af02a00000,0x000000af02b00000) (1024K)]
  0x00000234f407a980 JavaThread "pool-1-thread-1"                   [_thread_blocked, id=15124, stack(0x000000af02b00000,0x000000af02c00000) (1024K)]
  0x00000234eff6f110 JavaThread "Timer-0"                           [_thread_blocked, id=22084, stack(0x000000af04000000,0x000000af04100000) (1024K)]
  0x00000234eff6e3f0 JavaThread "Timer-1"                           [_thread_blocked, id=21616, stack(0x000000af04100000,0x000000af04200000) (1024K)]
  0x00000234f407b010 JavaThread "Cleaner-0"                  daemon [_thread_blocked, id=11584, stack(0x000000af03400000,0x000000af03500000) (1024K)]
  0x00000234f40795d0 JavaThread "ForkJoinPool.commonPool-worker-8" daemon [_thread_blocked, id=2484, stack(0x000000af00900000,0x000000af00a00000) (1024K)]
Total: 38

Other Threads:
  0x0000023493842750 VMThread "VM Thread"                           [id=14168, stack(0x000000af7f800000,0x000000af7f900000) (1024K)]
  0x000002349380ca50 WatcherThread "VM Periodic Task Thread"        [id=18212, stack(0x000000af7f700000,0x000000af7f800000) (1024K)]
  0x00000234937c1b10 WorkerThread "GC Thread#0"                     [id=17852, stack(0x000000af7f600000,0x000000af7f700000) (1024K)]
  0x00000234f43671f0 WorkerThread "GC Thread#1"                     [id=22924, stack(0x000000af00300000,0x000000af00400000) (1024K)]
  0x00000234f4367590 WorkerThread "GC Thread#2"                     [id=23372, stack(0x000000af00400000,0x000000af00500000) (1024K)]
  0x00000234f4367930 WorkerThread "GC Thread#3"                     [id=22876, stack(0x000000af00500000,0x000000af00600000) (1024K)]
  0x00000234f40ff6c0 WorkerThread "GC Thread#4"                     [id=23468, stack(0x000000af00600000,0x000000af00700000) (1024K)]
  0x00000234f40ffa60 WorkerThread "GC Thread#5"                     [id=23456, stack(0x000000af00700000,0x000000af00800000) (1024K)]
  0x00000234f40ffe00 WorkerThread "GC Thread#6"                     [id=23060, stack(0x000000af00800000,0x000000af00900000) (1024K)]
  0x00000234f4293e70 WorkerThread "GC Thread#7"                     [id=22944, stack(0x000000af00c00000,0x000000af00d00000) (1024K)]
Total: 10

Threads with active compile tasks:
C2 CompilerThread0  9440776 11779 % !   4       org.eclipse.jdt.internal.compiler.classfmt.ClassFileReader::<init> @ 63 (2119 bytes)
Total: 1

VM state: not at safepoint (normal execution)

VM Mutex/Monitor currently owned by a thread: None

Heap address: 0x00000000c0000000, size: 1024 MB, Compressed Oops mode: 32-bit

CDS archive(s) mapped at: [0x00000234ad000000-0x00000234adc80000-0x00000234adc80000), size 13107200, SharedBaseAddress: 0x00000234ad000000, ArchiveRelocationMode: 1.
Compressed class space mapped at: 0x00000234ae000000-0x00000234ee000000, reserved size: 1073741824
Narrow klass base: 0x00000234ad000000, Narrow klass shift: 0, Narrow klass range: 0x100000000

GC Precious Log:
 CardTable entry size: 512
 CPUs: 8 total, 8 available
 Memory: 32574M
 Large Page Support: Disabled
 NUMA Support: Disabled
 Compressed Oops: Enabled (32-bit)
 Alignments: Space 512K, Generation 512K, Heap 2M
 Heap Min Capacity: 100M
 Heap Initial Capacity: 100M
 Heap Max Capacity: 1G
 Pre-touch: Disabled
 Parallel Workers: 8

Heap:
 PSYoungGen      total 5632K, used 4717K [0x00000000eab00000, 0x00000000eb300000, 0x0000000100000000)
  eden space 5120K, 86% used [0x00000000eab00000,0x00000000eaf53628,0x00000000eb000000)
  from space 512K, 56% used [0x00000000eb280000,0x00000000eb2c8020,0x00000000eb300000)
  to   space 512K, 0% used [0x00000000eb200000,0x00000000eb200000,0x00000000eb280000)
 ParOldGen       total 299520K, used 299145K [0x00000000c0000000, 0x00000000d2480000, 0x00000000eab00000)
  object space 299520K, 99% used [0x00000000c0000000,0x00000000d24224b0,0x00000000d2480000)
 Metaspace       used 77832K, committed 79360K, reserved 1179648K
  class space    used 8575K, committed 9280K, reserved 1048576K

Card table byte_map: [0x0000023493140000,0x0000023493350000] _byte_map_base: 0x0000023492b40000

Marking Bits: (ParMarkBitMap*) 0x00007ffc2eab11f0
 Begin Bits: [0x00000234aae80000, 0x00000234abe80000)
 End Bits:   [0x00000234abe80000, 0x00000234ace80000)

Polling page: 0x0000023491740000

Metaspace:

Usage:
  Non-class:     67.63 MB used.
      Class:      8.37 MB used.
       Both:     76.01 MB used.

Virtual space:
  Non-class space:      128.00 MB reserved,      68.44 MB ( 53%) committed,  2 nodes.
      Class space:        1.00 GB reserved,       9.06 MB ( <1%) committed,  1 nodes.
             Both:        1.12 GB reserved,      77.50 MB (  7%) committed. 

Chunk freelists:
   Non-Class:  10.84 MB
       Class:  6.95 MB
        Both:  17.80 MB

MaxMetaspaceSize: unlimited
CompressedClassSpaceSize: 1.00 GB
Initial GC threshold: 21.00 MB
Current GC threshold: 119.38 MB
CDS: on
 - commit_granule_bytes: 65536.
 - commit_granule_words: 8192.
 - virtual_space_node_default_size: 8388608.
 - enlarge_chunks_in_place: 1.
 - use_allocation_guard: 0.


Internal statistics:

num_allocs_failed_limit: 11.
num_arena_births: 1354.
num_arena_deaths: 14.
num_vsnodes_births: 3.
num_vsnodes_deaths: 0.
num_space_committed: 1240.
num_space_uncommitted: 0.
num_chunks_returned_to_freelist: 25.
num_chunks_taken_from_freelist: 4876.
num_chunk_merges: 17.
num_chunk_splits: 3076.
num_chunks_enlarged: 1843.
num_inconsistent_stats: 0.

CodeHeap 'non-profiled nmethods': size=120000Kb used=10063Kb max_used=10063Kb free=109936Kb
 bounds [0x00000234a3950000, 0x00000234a4330000, 0x00000234aae80000]
CodeHeap 'profiled nmethods': size=120000Kb used=22319Kb max_used=22319Kb free=97680Kb
 bounds [0x000002349be80000, 0x000002349d450000, 0x00000234a33b0000]
CodeHeap 'non-nmethods': size=5760Kb used=1478Kb max_used=1591Kb free=4281Kb
 bounds [0x00000234a33b0000, 0x00000234a3620000, 0x00000234a3950000]
 total_blobs=10967 nmethods=10161 adapters=711
 compilation: enabled
              stopped_count=0, restarted_count=0
 full_count=0

Compilation events (20 events):
Event: 9440.380 Thread 0x00000234efbfd7b0 11785       3       org.eclipse.jdt.internal.codeassist.impl.AssistParser::isInsideAttributeValue (62 bytes)
Event: 9440.380 Thread 0x00000234efbfd7b0 nmethod 11785 0x000002349d43ad10 code [0x000002349d43aee0, 0x000002349d43b238]
Event: 9440.380 Thread 0x00000234efbfd7b0 11786       3       org.eclipse.jdt.internal.codeassist.impl.AssistParser::isInsideEnumConstantnitialization (64 bytes)
Event: 9440.381 Thread 0x00000234efbfd7b0 nmethod 11786 0x000002349d43b390 code [0x000002349d43b560, 0x000002349d43b890]
Event: 9440.381 Thread 0x00000234efbfd7b0 11782       3       org.eclipse.jdt.internal.codeassist.impl.AssistParser::topKnownElementKind (7 bytes)
Event: 9440.381 Thread 0x00000234efbfd7b0 nmethod 11782 0x000002349d43b990 code [0x000002349d43bb40, 0x000002349d43bd08]
Event: 9440.381 Thread 0x00000234efbfd7b0 11783       3       org.eclipse.jdt.internal.codeassist.select.SelectionParser::consumeToken (500 bytes)
Event: 9440.382 Thread 0x00000234efbfd7b0 nmethod 11783 0x000002349d43be10 code [0x000002349d43c300, 0x000002349d43f218]
Event: 9440.382 Thread 0x00000234efbfd7b0 11789       3       org.eclipse.jdt.internal.codeassist.impl.AssistParser::isInsideModuleInfo (70 bytes)
Event: 9440.382 Thread 0x00000234efbfd7b0 nmethod 11789 0x000002349d43fa90 code [0x000002349d43fc40, 0x000002349d43ff70]
Event: 9440.382 Thread 0x00000234efbfd7b0 11790       3       org.eclipse.jdt.internal.codeassist.select.SelectionScanner::scanIdentifierOrKeyword (40 bytes)
Event: 9440.383 Thread 0x00000234efbfd7b0 nmethod 11790 0x000002349d440090 code [0x000002349d440240, 0x000002349d440460]
Event: 9440.383 Thread 0x00000234efbfd7b0 11784       3       org.eclipse.jdt.internal.codeassist.impl.AssistParser::consumeToken (336 bytes)
Event: 9440.384 Thread 0x00000234efbfd7b0 nmethod 11784 0x000002349d440510 code [0x000002349d440840, 0x000002349d4420c8]
Event: 9440.384 Thread 0x00000234efbfd7b0 11791   !   3       org.eclipse.jdt.internal.compiler.parser.Parser::parse (915 bytes)
Event: 9440.387 Thread 0x00000234efbfd7b0 nmethod 11791 0x000002349d442490 code [0x000002349d4429e0, 0x000002349d445d40]
Event: 9440.391 Thread 0x00000234f8d46ed0 nmethod 11787 0x00000234a431d010 code [0x00000234a431d2a0, 0x00000234a431d9e8]
Event: 9440.392 Thread 0x00000234f8d46ed0 11788       4       org.eclipse.jdt.internal.compiler.parser.Parser::pushOnIntStack (54 bytes)
Event: 9440.393 Thread 0x00000234f8d46ed0 nmethod 11788 0x00000234a431df90 code [0x00000234a431e120, 0x00000234a431e220]
Event: 9440.434 Thread 0x00000234f8d43850 nmethod 11780 0x00000234a431e310 code [0x00000234a431e7c0, 0x00000234a43213a8]

GC Heap History (20 events):
Event: 174.836 GC heap before
{Heap before GC invocations=1454 (full 4):
 PSYoungGen      total 6656K, used 6651K [0x00000000eab00000, 0x00000000ebc00000, 0x0000000100000000)
  eden space 5120K, 100% used [0x00000000eab00000,0x00000000eb000000,0x00000000eb000000)
  from space 1536K, 99% used [0x00000000eb480000,0x00000000eb5feee0,0x00000000eb600000)
  to   space 4608K, 0% used [0x00000000eb000000,0x00000000eb000000,0x00000000eb480000)
 ParOldGen       total 290816K, used 290811K [0x00000000c0000000, 0x00000000d1c00000, 0x00000000eab00000)
  object space 290816K, 99% used [0x00000000c0000000,0x00000000d1bfef70,0x00000000d1c00000)
 Metaspace       used 74153K, committed 75712K, reserved 1179648K
  class space    used 8163K, committed 8832K, reserved 1048576K
}
Event: 174.841 GC heap after
{Heap after GC invocations=1454 (full 4):
 PSYoungGen      total 9728K, used 4106K [0x00000000eab00000, 0x00000000eb900000, 0x0000000100000000)
  eden space 5120K, 0% used [0x00000000eab00000,0x00000000eab00000,0x00000000eb000000)
  from space 4608K, 89% used [0x00000000eb000000,0x00000000eb402928,0x00000000eb480000)
  to   space 4608K, 0% used [0x00000000eb480000,0x00000000eb480000,0x00000000eb900000)
 ParOldGen       total 292352K, used 292348K [0x00000000c0000000, 0x00000000d1d80000, 0x00000000eab00000)
  object space 292352K, 99% used [0x00000000c0000000,0x00000000d1d7f0d0,0x00000000d1d80000)
 Metaspace       used 74153K, committed 75712K, reserved 1179648K
  class space    used 8163K, committed 8832K, reserved 1048576K
}
Event: 174.904 GC heap before
{Heap before GC invocations=1455 (full 4):
 PSYoungGen      total 9728K, used 9226K [0x00000000eab00000, 0x00000000eb900000, 0x0000000100000000)
  eden space 5120K, 100% used [0x00000000eab00000,0x00000000eb000000,0x00000000eb000000)
  from space 4608K, 89% used [0x00000000eb000000,0x00000000eb402928,0x00000000eb480000)
  to   space 4608K, 0% used [0x00000000eb480000,0x00000000eb480000,0x00000000eb900000)
 ParOldGen       total 292352K, used 292348K [0x00000000c0000000, 0x00000000d1d80000, 0x00000000eab00000)
  object space 292352K, 99% used [0x00000000c0000000,0x00000000d1d7f0d0,0x00000000d1d80000)
 Metaspace       used 74270K, committed 75776K, reserved 1179648K
  class space    used 8170K, committed 8832K, reserved 1048576K
}
Event: 174.912 GC heap after
{Heap after GC invocations=1455 (full 4):
 PSYoungGen      total 6144K, used 660K [0x00000000eab00000, 0x00000000eb580000, 0x0000000100000000)
  eden space 5120K, 0% used [0x00000000eab00000,0x00000000eab00000,0x00000000eb000000)
  from space 1024K, 64% used [0x00000000eb480000,0x00000000eb525200,0x00000000eb580000)
  to   space 2048K, 0% used [0x00000000eb180000,0x00000000eb180000,0x00000000eb380000)
 ParOldGen       total 296448K, used 296207K [0x00000000c0000000, 0x00000000d2180000, 0x00000000eab00000)
  object space 296448K, 99% used [0x00000000c0000000,0x00000000d2143ff0,0x00000000d2180000)
 Metaspace       used 74270K, committed 75776K, reserved 1179648K
  class space    used 8170K, committed 8832K, reserved 1048576K
}
Event: 175.054 GC heap before
{Heap before GC invocations=1456 (full 4):
 PSYoungGen      total 6144K, used 5780K [0x00000000eab00000, 0x00000000eb580000, 0x0000000100000000)
  eden space 5120K, 100% used [0x00000000eab00000,0x00000000eb000000,0x00000000eb000000)
  from space 1024K, 64% used [0x00000000eb480000,0x00000000eb525200,0x00000000eb580000)
  to   space 2048K, 0% used [0x00000000eb180000,0x00000000eb180000,0x00000000eb380000)
 ParOldGen       total 296448K, used 296207K [0x00000000c0000000, 0x00000000d2180000, 0x00000000eab00000)
  object space 296448K, 99% used [0x00000000c0000000,0x00000000d2143ff0,0x00000000d2180000)
 Metaspace       used 74399K, committed 75968K, reserved 1179648K
  class space    used 8174K, committed 8896K, reserved 1048576K
}
Event: 175.057 GC heap after
{Heap after GC invocations=1456 (full 4):
 PSYoungGen      total 7168K, used 378K [0x00000000eab00000, 0x00000000eb500000, 0x0000000100000000)
  eden space 5120K, 0% used [0x00000000eab00000,0x00000000eab00000,0x00000000eb000000)
  from space 2048K, 18% used [0x00000000eb180000,0x00000000eb1de900,0x00000000eb380000)
  to   space 1024K, 0% used [0x00000000eb400000,0x00000000eb400000,0x00000000eb500000)
 ParOldGen       total 296448K, used 296363K [0x00000000c0000000, 0x00000000d2180000, 0x00000000eab00000)
  object space 296448K, 99% used [0x00000000c0000000,0x00000000d216ad38,0x00000000d2180000)
 Metaspace       used 74399K, committed 75968K, reserved 1179648K
  class space    used 8174K, committed 8896K, reserved 1048576K
}
Event: 175.228 GC heap before
{Heap before GC invocations=1457 (full 4):
 PSYoungGen      total 7168K, used 5498K [0x00000000eab00000, 0x00000000eb500000, 0x0000000100000000)
  eden space 5120K, 100% used [0x00000000eab00000,0x00000000eb000000,0x00000000eb000000)
  from space 2048K, 18% used [0x00000000eb180000,0x00000000eb1de900,0x00000000eb380000)
  to   space 1024K, 0% used [0x00000000eb400000,0x00000000eb400000,0x00000000eb500000)
 ParOldGen       total 296448K, used 296363K [0x00000000c0000000, 0x00000000d2180000, 0x00000000eab00000)
  object space 296448K, 99% used [0x00000000c0000000,0x00000000d216ad38,0x00000000d2180000)
 Metaspace       used 74544K, committed 76096K, reserved 1179648K
  class space    used 8175K, committed 8896K, reserved 1048576K
}
Event: 175.232 GC heap after
{Heap after GC invocations=1457 (full 4):
 PSYoungGen      total 6144K, used 1003K [0x00000000eab00000, 0x00000000eb500000, 0x0000000100000000)
  eden space 5120K, 0% used [0x00000000eab00000,0x00000000eab00000,0x00000000eb000000)
  from space 1024K, 97% used [0x00000000eb400000,0x00000000eb4fad50,0x00000000eb500000)
  to   space 2560K, 0% used [0x00000000eb000000,0x00000000eb000000,0x00000000eb280000)
 ParOldGen       total 297472K, used 297209K [0x00000000c0000000, 0x00000000d2280000, 0x00000000eab00000)
  object space 297472K, 99% used [0x00000000c0000000,0x00000000d223e4b0,0x00000000d2280000)
 Metaspace       used 74544K, committed 76096K, reserved 1179648K
  class space    used 8175K, committed 8896K, reserved 1048576K
}
Event: 175.599 GC heap before
{Heap before GC invocations=1458 (full 4):
 PSYoungGen      total 6144K, used 6123K [0x00000000eab00000, 0x00000000eb500000, 0x0000000100000000)
  eden space 5120K, 100% used [0x00000000eab00000,0x00000000eb000000,0x00000000eb000000)
  from space 1024K, 97% used [0x00000000eb400000,0x00000000eb4fad50,0x00000000eb500000)
  to   space 2560K, 0% used [0x00000000eb000000,0x00000000eb000000,0x00000000eb280000)
 ParOldGen       total 297472K, used 297209K [0x00000000c0000000, 0x00000000d2280000, 0x00000000eab00000)
  object space 297472K, 99% used [0x00000000c0000000,0x00000000d223e4b0,0x00000000d2280000)
 Metaspace       used 74844K, committed 76352K, reserved 1179648K
  class space    used 8197K, committed 8896K, reserved 1048576K
}
Event: 175.603 GC heap after
{Heap after GC invocations=1458 (full 4):
 PSYoungGen      total 7680K, used 960K [0x00000000eab00000, 0x00000000eb480000, 0x0000000100000000)
  eden space 5120K, 0% used [0x00000000eab00000,0x00000000eab00000,0x00000000eb000000)
  from space 2560K, 37% used [0x00000000eb000000,0x00000000eb0f0000,0x00000000eb280000)
  to   space 1536K, 0% used [0x00000000eb300000,0x00000000eb300000,0x00000000eb480000)
 ParOldGen       total 297984K, used 297561K [0x00000000c0000000, 0x00000000d2300000, 0x00000000eab00000)
  object space 297984K, 99% used [0x00000000c0000000,0x00000000d22964b0,0x00000000d2300000)
 Metaspace       used 74844K, committed 76352K, reserved 1179648K
  class space    used 8197K, committed 8896K, reserved 1048576K
}
Event: 175.703 GC heap before
{Heap before GC invocations=1459 (full 4):
 PSYoungGen      total 7680K, used 6080K [0x00000000eab00000, 0x00000000eb480000, 0x0000000100000000)
  eden space 5120K, 100% used [0x00000000eab00000,0x00000000eb000000,0x00000000eb000000)
  from space 2560K, 37% used [0x00000000eb000000,0x00000000eb0f0000,0x00000000eb280000)
  to   space 1536K, 0% used [0x00000000eb300000,0x00000000eb300000,0x00000000eb480000)
 ParOldGen       total 297984K, used 297561K [0x00000000c0000000, 0x00000000d2300000, 0x00000000eab00000)
  object space 297984K, 99% used [0x00000000c0000000,0x00000000d22964b0,0x00000000d2300000)
 Metaspace       used 75328K, committed 76800K, reserved 1179648K
  class space    used 8242K, committed 8896K, reserved 1048576K
}
Event: 175.706 GC heap after
{Heap after GC invocations=1459 (full 4):
 PSYoungGen      total 5632K, used 224K [0x00000000eab00000, 0x00000000eb380000, 0x0000000100000000)
  eden space 5120K, 0% used [0x00000000eab00000,0x00000000eab00000,0x00000000eb000000)
  from space 512K, 43% used [0x00000000eb300000,0x00000000eb338000,0x00000000eb380000)
  to   space 1024K, 0% used [0x00000000eb180000,0x00000000eb180000,0x00000000eb280000)
 ParOldGen       total 298496K, used 298241K [0x00000000c0000000, 0x00000000d2380000, 0x00000000eab00000)
  object space 298496K, 99% used [0x00000000c0000000,0x00000000d23404b0,0x00000000d2380000)
 Metaspace       used 75328K, committed 76800K, reserved 1179648K
  class space    used 8242K, committed 8896K, reserved 1048576K
}
Event: 175.880 GC heap before
{Heap before GC invocations=1460 (full 4):
 PSYoungGen      total 5632K, used 5344K [0x00000000eab00000, 0x00000000eb380000, 0x0000000100000000)
  eden space 5120K, 100% used [0x00000000eab00000,0x00000000eb000000,0x00000000eb000000)
  from space 512K, 43% used [0x00000000eb300000,0x00000000eb338000,0x00000000eb380000)
  to   space 1024K, 0% used [0x00000000eb180000,0x00000000eb180000,0x00000000eb280000)
 ParOldGen       total 298496K, used 298241K [0x00000000c0000000, 0x00000000d2380000, 0x00000000eab00000)
  object space 298496K, 99% used [0x00000000c0000000,0x00000000d23404b0,0x00000000d2380000)
 Metaspace       used 76016K, committed 77504K, reserved 1179648K
  class space    used 8312K, committed 8960K, reserved 1048576K
}
Event: 175.884 GC heap after
{Heap after GC invocations=1460 (full 4):
 PSYoungGen      total 6144K, used 576K [0x00000000eab00000, 0x00000000eb380000, 0x0000000100000000)
  eden space 5120K, 0% used [0x00000000eab00000,0x00000000eab00000,0x00000000eb000000)
  from space 1024K, 56% used [0x00000000eb180000,0x00000000eb210000,0x00000000eb280000)
  to   space 1024K, 0% used [0x00000000eb280000,0x00000000eb280000,0x00000000eb380000)
 ParOldGen       total 298496K, used 298361K [0x00000000c0000000, 0x00000000d2380000, 0x00000000eab00000)
  object space 298496K, 99% used [0x00000000c0000000,0x00000000d235e4b0,0x00000000d2380000)
 Metaspace       used 76016K, committed 77504K, reserved 1179648K
  class space    used 8312K, committed 8960K, reserved 1048576K
}
Event: 176.052 GC heap before
{Heap before GC invocations=1461 (full 4):
 PSYoungGen      total 6144K, used 5696K [0x00000000eab00000, 0x00000000eb380000, 0x0000000100000000)
  eden space 5120K, 100% used [0x00000000eab00000,0x00000000eb000000,0x00000000eb000000)
  from space 1024K, 56% used [0x00000000eb180000,0x00000000eb210000,0x00000000eb280000)
  to   space 1024K, 0% used [0x00000000eb280000,0x00000000eb280000,0x00000000eb380000)
 ParOldGen       total 298496K, used 298361K [0x00000000c0000000, 0x00000000d2380000, 0x00000000eab00000)
  object space 298496K, 99% used [0x00000000c0000000,0x00000000d235e4b0,0x00000000d2380000)
 Metaspace       used 76758K, committed 78272K, reserved 1179648K
  class space    used 8438K, committed 9152K, reserved 1048576K
}
Event: 176.056 GC heap after
{Heap after GC invocations=1461 (full 4):
 PSYoungGen      total 5632K, used 416K [0x00000000eab00000, 0x00000000eb300000, 0x0000000100000000)
  eden space 5120K, 0% used [0x00000000eab00000,0x00000000eab00000,0x00000000eb000000)
  from space 512K, 81% used [0x00000000eb280000,0x00000000eb2e8000,0x00000000eb300000)
  to   space 512K, 0% used [0x00000000eb200000,0x00000000eb200000,0x00000000eb280000)
 ParOldGen       total 299008K, used 298785K [0x00000000c0000000, 0x00000000d2400000, 0x00000000eab00000)
  object space 299008K, 99% used [0x00000000c0000000,0x00000000d23c84b0,0x00000000d2400000)
 Metaspace       used 76758K, committed 78272K, reserved 1179648K
  class space    used 8438K, committed 9152K, reserved 1048576K
}
Event: 9438.884 GC heap before
{Heap before GC invocations=1462 (full 4):
 PSYoungGen      total 5632K, used 5536K [0x00000000eab00000, 0x00000000eb300000, 0x0000000100000000)
  eden space 5120K, 100% used [0x00000000eab00000,0x00000000eb000000,0x00000000eb000000)
  from space 512K, 81% used [0x00000000eb280000,0x00000000eb2e8000,0x00000000eb300000)
  to   space 512K, 0% used [0x00000000eb200000,0x00000000eb200000,0x00000000eb280000)
 ParOldGen       total 299008K, used 298785K [0x00000000c0000000, 0x00000000d2400000, 0x00000000eab00000)
  object space 299008K, 99% used [0x00000000c0000000,0x00000000d23c84b0,0x00000000d2400000)
 Metaspace       used 77113K, committed 78656K, reserved 1179648K
  class space    used 8480K, committed 9216K, reserved 1048576K
}
Event: 9438.886 GC heap after
{Heap after GC invocations=1462 (full 4):
 PSYoungGen      total 5632K, used 288K [0x00000000eab00000, 0x00000000eb300000, 0x0000000100000000)
  eden space 5120K, 0% used [0x00000000eab00000,0x00000000eab00000,0x00000000eb000000)
  from space 512K, 56% used [0x00000000eb200000,0x00000000eb248000,0x00000000eb280000)
  to   space 512K, 0% used [0x00000000eb280000,0x00000000eb280000,0x00000000eb300000)
 ParOldGen       total 299520K, used 299009K [0x00000000c0000000, 0x00000000d2480000, 0x00000000eab00000)
  object space 299520K, 99% used [0x00000000c0000000,0x00000000d24004b0,0x00000000d2480000)
 Metaspace       used 77113K, committed 78656K, reserved 1179648K
  class space    used 8480K, committed 9216K, reserved 1048576K
}
Event: 9440.294 GC heap before
{Heap before GC invocations=1463 (full 4):
 PSYoungGen      total 5632K, used 5408K [0x00000000eab00000, 0x00000000eb300000, 0x0000000100000000)
  eden space 5120K, 100% used [0x00000000eab00000,0x00000000eb000000,0x00000000eb000000)
  from space 512K, 56% used [0x00000000eb200000,0x00000000eb248000,0x00000000eb280000)
  to   space 512K, 0% used [0x00000000eb280000,0x00000000eb280000,0x00000000eb300000)
 ParOldGen       total 299520K, used 299009K [0x00000000c0000000, 0x00000000d2480000, 0x00000000eab00000)
  object space 299520K, 99% used [0x00000000c0000000,0x00000000d24004b0,0x00000000d2480000)
 Metaspace       used 77451K, committed 78976K, reserved 1179648K
  class space    used 8538K, committed 9280K, reserved 1048576K
}
Event: 9440.295 GC heap after
{Heap after GC invocations=1463 (full 4):
 PSYoungGen      total 5632K, used 288K [0x00000000eab00000, 0x00000000eb300000, 0x0000000100000000)
  eden space 5120K, 0% used [0x00000000eab00000,0x00000000eab00000,0x00000000eb000000)
  from space 512K, 56% used [0x00000000eb280000,0x00000000eb2c8020,0x00000000eb300000)
  to   space 512K, 0% used [0x00000000eb200000,0x00000000eb200000,0x00000000eb280000)
 ParOldGen       total 299520K, used 299145K [0x00000000c0000000, 0x00000000d2480000, 0x00000000eab00000)
  object space 299520K, 99% used [0x00000000c0000000,0x00000000d24224b0,0x00000000d2480000)
 Metaspace       used 77451K, committed 78976K, reserved 1179648K
  class space    used 8538K, committed 9280K, reserved 1048576K
}

Dll operation events (16 events):
Event: 0.035 Loaded shared library C:\Users\cool_\.jdks\corretto-21.0.5\bin\java.dll
Event: 0.309 Loaded shared library C:\Users\cool_\.jdks\corretto-21.0.5\bin\jsvml.dll
Event: 0.738 Loaded shared library C:\Users\cool_\.jdks\corretto-21.0.5\bin\zip.dll
Event: 0.747 Loaded shared library C:\Users\cool_\.jdks\corretto-21.0.5\bin\instrument.dll
Event: 0.756 Loaded shared library C:\Users\cool_\.jdks\corretto-21.0.5\bin\net.dll
Event: 0.763 Loaded shared library C:\Users\cool_\.jdks\corretto-21.0.5\bin\nio.dll
Event: 0.769 Loaded shared library C:\Users\cool_\.jdks\corretto-21.0.5\bin\zip.dll
Event: 0.939 Loaded shared library C:\Users\cool_\.jdks\corretto-21.0.5\bin\jimage.dll
Event: 1.415 Loaded shared library C:\Users\cool_\.jdks\corretto-21.0.5\bin\verify.dll
Event: 14.662 Loaded shared library C:\Users\cool_\AppData\Roaming\Code\User\globalStorage\redhat.java\1.36.0\config_win\org.eclipse.equinox.launcher\org.eclipse.equinox.launcher.win32.win32.x86_64_1.2.1100.v20240722-2106\eclipse_11904.dll
Event: 30.573 Loaded shared library C:\Users\cool_\AppData\Local\Temp\jna-94845494\jna1086835627611399622.dll
Event: 100.039 Loaded shared library C:\Users\cool_\.gradle\native\c067742578af261105cb4f569cf0c3c89f3d7b1fecec35dd04571415982c5e48\windows-amd64\native-platform.dll
Event: 124.407 Loaded shared library C:\Users\cool_\.jdks\corretto-21.0.5\bin\management.dll
Event: 124.420 Loaded shared library C:\Users\cool_\.jdks\corretto-21.0.5\bin\management_ext.dll
Event: 125.016 Loaded shared library C:\Users\cool_\.jdks\corretto-21.0.5\bin\extnet.dll
Event: 128.909 Loaded shared library C:\Users\cool_\.jdks\corretto-21.0.5\bin\sunmscapi.dll

Deoptimization events (20 events):
Event: 9440.269 Thread 0x00000234f40795d0 Uncommon trap: trap_request=0xffffffde fr.pc=0x00000234a42d7a7c relative=0x000000000000025c
Event: 9440.269 Thread 0x00000234f40795d0 Uncommon trap: reason=class_check action=maybe_recompile pc=0x00000234a42d7a7c method=org.eclipse.jdt.internal.compiler.parser.Scanner.getNextToken()I @ 47 c2
Event: 9440.269 Thread 0x00000234f40795d0 DEOPT PACKING pc=0x00000234a42d7a7c sp=0x000000af009fe7e0
Event: 9440.269 Thread 0x00000234f40795d0 DEOPT UNPACKING pc=0x00000234a3403aa2 sp=0x000000af009fe780 mode 2
Event: 9440.269 Thread 0x00000234f40795d0 Uncommon trap: trap_request=0xffffffde fr.pc=0x00000234a42d7a7c relative=0x000000000000025c
Event: 9440.269 Thread 0x00000234f40795d0 Uncommon trap: reason=class_check action=maybe_recompile pc=0x00000234a42d7a7c method=org.eclipse.jdt.internal.compiler.parser.Scanner.getNextToken()I @ 47 c2
Event: 9440.269 Thread 0x00000234f40795d0 DEOPT PACKING pc=0x00000234a42d7a7c sp=0x000000af009fe7e0
Event: 9440.269 Thread 0x00000234f40795d0 DEOPT UNPACKING pc=0x00000234a3403aa2 sp=0x000000af009fe780 mode 2
Event: 9440.269 Thread 0x00000234f40795d0 Uncommon trap: trap_request=0xffffffc6 fr.pc=0x00000234a4301da8 relative=0x0000000000000808
Event: 9440.269 Thread 0x00000234f40795d0 Uncommon trap: reason=bimorphic_or_optimized_type_check action=maybe_recompile pc=0x00000234a4301da8 method=org.eclipse.jdt.internal.compiler.parser.Scanner.getNextToken0()I @ 2821 c2
Event: 9440.269 Thread 0x00000234f40795d0 DEOPT PACKING pc=0x00000234a4301da8 sp=0x000000af009fe730
Event: 9440.269 Thread 0x00000234f40795d0 DEOPT UNPACKING pc=0x00000234a3403aa2 sp=0x000000af009fe6b0 mode 2
Event: 9440.269 Thread 0x00000234f40795d0 Uncommon trap: trap_request=0xffffffc6 fr.pc=0x00000234a4301da8 relative=0x0000000000000808
Event: 9440.269 Thread 0x00000234f40795d0 Uncommon trap: reason=bimorphic_or_optimized_type_check action=maybe_recompile pc=0x00000234a4301da8 method=org.eclipse.jdt.internal.compiler.parser.Scanner.getNextToken0()I @ 2821 c2
Event: 9440.269 Thread 0x00000234f40795d0 DEOPT PACKING pc=0x00000234a4301da8 sp=0x000000af009fe720
Event: 9440.269 Thread 0x00000234f40795d0 DEOPT UNPACKING pc=0x00000234a3403aa2 sp=0x000000af009fe6a0 mode 2
Event: 9440.366 Thread 0x00000234f40795d0 Uncommon trap: trap_request=0xffffffbe fr.pc=0x00000234a430cdac relative=0x0000000000000a8c
Event: 9440.366 Thread 0x00000234f40795d0 Uncommon trap: reason=profile_predicate action=maybe_recompile pc=0x00000234a430cdac method=java.util.regex.Pattern.RemoveQEQuoting()V @ 7 c2
Event: 9440.366 Thread 0x00000234f40795d0 DEOPT PACKING pc=0x00000234a430cdac sp=0x000000af009fda70
Event: 9440.366 Thread 0x00000234f40795d0 DEOPT UNPACKING pc=0x00000234a3403aa2 sp=0x000000af009fda20 mode 2

Classes loaded (20 events):
Event: 175.744 Loading class java/util/stream/Nodes$IntArrayNode done
Event: 175.744 Loading class java/util/stream/Nodes$IntFixedNodeBuilder done
Event: 175.744 Loading class java/util/stream/ReferencePipeline$4$1
Event: 175.744 Loading class java/util/stream/ReferencePipeline$4$1 done
Event: 332.328 Loading class java/util/stream/Nodes$CollectorTask$OfRef
Event: 332.328 Loading class java/util/stream/Nodes$CollectorTask
Event: 332.329 Loading class java/util/stream/Nodes$CollectorTask done
Event: 332.329 Loading class java/util/stream/Nodes$CollectorTask$OfRef done
Event: 332.329 Loading class java/util/function/LongFunction
Event: 332.329 Loading class java/util/function/LongFunction done
Event: 332.329 Loading class java/util/stream/Nodes$ConcNode
Event: 332.329 Loading class java/util/stream/Nodes$AbstractConcNode
Event: 332.329 Loading class java/util/stream/Nodes$AbstractConcNode done
Event: 332.329 Loading class java/util/stream/Nodes$ConcNode done
Event: 332.339 Loading class java/io/ObjectOutputStream$BlockDataOutputStream
Event: 332.340 Loading class java/io/ObjectOutputStream$BlockDataOutputStream done
Event: 332.340 Loading class java/io/ObjectOutputStream$HandleTable
Event: 332.340 Loading class java/io/ObjectOutputStream$HandleTable done
Event: 332.340 Loading class java/io/ObjectOutputStream$ReplaceTable
Event: 332.341 Loading class java/io/ObjectOutputStream$ReplaceTable done

Classes unloaded (7 events):
Event: 31.852 Thread 0x0000023493842750 Unloading class 0x00000234ae197400 'java/lang/invoke/LambdaForm$MH+0x00000234ae197400'
Event: 31.852 Thread 0x0000023493842750 Unloading class 0x00000234ae197000 'java/lang/invoke/LambdaForm$MH+0x00000234ae197000'
Event: 31.852 Thread 0x0000023493842750 Unloading class 0x00000234ae196c00 'java/lang/invoke/LambdaForm$MH+0x00000234ae196c00'
Event: 31.852 Thread 0x0000023493842750 Unloading class 0x00000234ae196800 'java/lang/invoke/LambdaForm$MH+0x00000234ae196800'
Event: 31.852 Thread 0x0000023493842750 Unloading class 0x00000234ae196400 'java/lang/invoke/LambdaForm$BMH+0x00000234ae196400'
Event: 31.852 Thread 0x0000023493842750 Unloading class 0x00000234ae196000 'java/lang/invoke/LambdaForm$DMH+0x00000234ae196000'
Event: 31.852 Thread 0x0000023493842750 Unloading class 0x00000234ae194c00 'java/lang/invoke/LambdaForm$DMH+0x00000234ae194c00'

Classes redefined (0 events):
No events

Internal exceptions (20 events):
Event: 171.328 Thread 0x00000234eff6d6d0 Exception <a 'sun/nio/fs/WindowsException'{0x00000000ead3eb50}> (0x00000000ead3eb50) 
thrown [s\src\hotspot\share\prims\jni.cpp, line 520]
Event: 171.329 Thread 0x00000234eff6d6d0 Exception <a 'sun/nio/fs/WindowsException'{0x00000000ead3f470}> (0x00000000ead3f470) 
thrown [s\src\hotspot\share\prims\jni.cpp, line 520]
Event: 171.329 Thread 0x00000234eff6d6d0 Exception <a 'sun/nio/fs/WindowsException'{0x00000000ead402e8}> (0x00000000ead402e8) 
thrown [s\src\hotspot\share\prims\jni.cpp, line 520]
Event: 171.329 Thread 0x00000234eff6d6d0 Exception <a 'sun/nio/fs/WindowsException'{0x00000000ead40c08}> (0x00000000ead40c08) 
thrown [s\src\hotspot\share\prims\jni.cpp, line 520]
Event: 171.345 Thread 0x00000234eff6d6d0 Exception <a 'java/io/FileNotFoundException'{0x00000000eab3b5b8}> (0x00000000eab3b5b8) 
thrown [s\src\hotspot\share\prims\jni.cpp, line 520]
Event: 171.346 Thread 0x00000234eff6d6d0 Exception <a 'java/io/FileNotFoundException'{0x00000000eab3c618}> (0x00000000eab3c618) 
thrown [s\src\hotspot\share\prims\jni.cpp, line 520]
Event: 171.347 Thread 0x00000234f46f9e00 Exception <a 'java/lang/NoSuchMethodError'{0x00000000eab883b8}: 'java.lang.Object java.lang.invoke.DirectMethodHandle$Holder.invokeSpecial(java.lang.Object, java.lang.Object, int, long)'> (0x00000000eab883b8) 
thrown [s\src\hotspot\share\interpreter\linkResolver.cpp, line 773]
Event: 171.411 Thread 0x00000234eff6d6d0 Exception <a 'sun/nio/fs/WindowsException'{0x00000000eab3ad28}> (0x00000000eab3ad28) 
thrown [s\src\hotspot\share\prims\jni.cpp, line 520]
Event: 171.411 Thread 0x00000234eff6d6d0 Exception <a 'sun/nio/fs/WindowsException'{0x00000000eab3b648}> (0x00000000eab3b648) 
thrown [s\src\hotspot\share\prims\jni.cpp, line 520]
Event: 171.418 Thread 0x00000234eff6bc90 Exception <a 'java/lang/ArrayIndexOutOfBoundsException'{0x00000000eabce590}: Index 2722 out of bounds for length 2721> (0x00000000eabce590) 
thrown [s\src\hotspot\share\interpreter\interpreterRuntime.cpp, line 439]
Event: 171.551 Thread 0x00000234eff6a8e0 Exception <a 'java/lang/NoSuchMethodError'{0x00000000eac2f8a8}: 'int java.lang.invoke.Invokers$Holder.invokeExact_MT(java.lang.Object, java.lang.Object)'> (0x00000000eac2f8a8) 
thrown [s\src\hotspot\share\interpreter\linkResolver.cpp, line 773]
Event: 172.758 Thread 0x00000234f46f9e00 Implicit null exception at 0x00000234a3aa5689 to 0x00000234a3aa5774
Event: 172.758 Thread 0x00000234f46f9e00 Implicit null exception at 0x00000234a39c4d09 to 0x00000234a39c4e15
Event: 173.058 Thread 0x00000234eff6a8e0 Implicit null exception at 0x00000234a3b638f0 to 0x00000234a3b680cc
Event: 173.665 Thread 0x00000234eff6a8e0 Exception <a 'java/lang/IncompatibleClassChangeError'{0x00000000eb271508}: Found class java.lang.Object, but interface was expected> (0x00000000eb271508) 
thrown [s\src\hotspot\share\interpreter\linkResolver.cpp, line 840]
Event: 174.589 Thread 0x00000234eff6af70 Implicit null exception at 0x00000234a3fa1ce0 to 0x00000234a3fa1d40
Event: 174.766 Thread 0x00000234eff6dd60 Implicit null exception at 0x00000234a3d7340b to 0x00000234a3d74b74
Event: 175.946 Thread 0x00000234eff6dd60 Exception <a 'java/lang/NoSuchMethodError'{0x00000000ead589f8}: 'void java.lang.invoke.DirectMethodHandle$Holder.invokeSpecial(java.lang.Object, java.lang.Object, int)'> (0x00000000ead589f8) 
thrown [s\src\hotspot\share\interpreter\linkResolver.cpp, line 773]
Event: 332.349 Thread 0x00000234f46fd280 Exception <a 'java/lang/NoSuchMethodError'{0x00000000eaf7ad60}: 'java.lang.Object java.lang.invoke.DirectMethodHandle$Holder.newInvokeSpecial(java.lang.Object, java.lang.Object, java.lang.Object, java.lang.Object, java.lang.Object, java.lang.Object, java.lang.Object, java.lang.Object)'> (0x00000000eaf7ad60) 
thrown [s\src\hotspot\share\interpreter\linkResolver.cpp, line 773]
Event: 9438.875 Thread 0x00000234f407a980 Exception <a 'java/lang/IncompatibleClassChangeError'{0x00000000eaff62a0}: Found class java.lang.Object, but interface was expected> (0x00000000eaff62a0) 
thrown [s\src\hotspot\share\interpreter\linkResolver.cpp, line 840]

ZGC Phase Switch (0 events):
No events

VM Operations (20 events):
Event: 9438.884 Executing VM operation: ParallelGCFailedAllocation (Allocation Failure)
Event: 9438.886 Executing VM operation: ParallelGCFailedAllocation (Allocation Failure) done
Event: 9438.903 Executing VM operation: HandshakeAllThreads (Deoptimize)
Event: 9438.903 Executing VM operation: HandshakeAllThreads (Deoptimize) done
Event: 9438.906 Executing VM operation: HandshakeAllThreads (Deoptimize)
Event: 9438.906 Executing VM operation: HandshakeAllThreads (Deoptimize) done
Event: 9438.910 Executing VM operation: HandshakeAllThreads (Deoptimize)
Event: 9438.910 Executing VM operation: HandshakeAllThreads (Deoptimize) done
Event: 9438.915 Executing VM operation: HandshakeAllThreads (Deoptimize)
Event: 9438.915 Executing VM operation: HandshakeAllThreads (Deoptimize) done
Event: 9438.919 Executing VM operation: HandshakeAllThreads (Deoptimize)
Event: 9438.919 Executing VM operation: HandshakeAllThreads (Deoptimize) done
Event: 9438.920 Executing VM operation: HandshakeAllThreads (Deoptimize)
Event: 9438.921 Executing VM operation: HandshakeAllThreads (Deoptimize) done
Event: 9438.922 Executing VM operation: HandshakeAllThreads (Deoptimize)
Event: 9438.922 Executing VM operation: HandshakeAllThreads (Deoptimize) done
Event: 9439.923 Executing VM operation: Cleanup
Event: 9439.923 Executing VM operation: Cleanup done
Event: 9440.294 Executing VM operation: ParallelGCFailedAllocation (Allocation Failure)
Event: 9440.295 Executing VM operation: ParallelGCFailedAllocation (Allocation Failure) done

Memory protections (0 events):
No events

Nmethod flushes (20 events):
Event: 171.770 Thread 0x0000023493842750 flushing  nmethod 0x000002349ce9f610
Event: 171.770 Thread 0x0000023493842750 flushing  nmethod 0x000002349ceaa990
Event: 171.770 Thread 0x0000023493842750 flushing  nmethod 0x000002349ceaf110
Event: 171.770 Thread 0x0000023493842750 flushing  nmethod 0x000002349ceafd10
Event: 171.770 Thread 0x0000023493842750 flushing  nmethod 0x000002349ceb1390
Event: 171.770 Thread 0x0000023493842750 flushing  nmethod 0x000002349cec3b10
Event: 171.770 Thread 0x0000023493842750 flushing  nmethod 0x000002349ceda810
Event: 171.770 Thread 0x0000023493842750 flushing  nmethod 0x000002349cedb290
Event: 171.770 Thread 0x0000023493842750 flushing  nmethod 0x000002349cf0d090
Event: 171.770 Thread 0x0000023493842750 flushing  nmethod 0x000002349cf0df90
Event: 171.770 Thread 0x0000023493842750 flushing  nmethod 0x000002349cf42390
Event: 171.770 Thread 0x0000023493842750 flushing  nmethod 0x000002349cf42d90
Event: 171.770 Thread 0x0000023493842750 flushing  nmethod 0x000002349cf43890
Event: 171.770 Thread 0x0000023493842750 flushing  nmethod 0x000002349cf58990
Event: 171.770 Thread 0x0000023493842750 flushing  nmethod 0x000002349cf72c90
Event: 171.770 Thread 0x0000023493842750 flushing  nmethod 0x000002349cf74790
Event: 171.770 Thread 0x0000023493842750 flushing  nmethod 0x000002349cf7c490
Event: 171.770 Thread 0x0000023493842750 flushing  nmethod 0x000002349cf95510
Event: 171.770 Thread 0x0000023493842750 flushing  nmethod 0x000002349cf9dd10
Event: 171.770 Thread 0x0000023493842750 flushing  nmethod 0x000002349cfb1890

Events (20 events):
Event: 370.692 Thread 0x00000234eff6f7a0 Thread exited: 0x00000234eff6f7a0
Event: 370.692 Thread 0x00000234eff6c320 Thread exited: 0x00000234eff6c320
Event: 370.692 Thread 0x00000234eff6fe30 Thread exited: 0x00000234eff6fe30
Event: 370.726 Thread 0x00000234eff6b600 Thread exited: 0x00000234eff6b600
Event: 370.736 Thread 0x00000234eff704c0 Thread exited: 0x00000234eff704c0
Event: 370.757 Thread 0x00000234f407b6a0 Thread exited: 0x00000234f407b6a0
Event: 370.770 Thread 0x00000234eff6a250 Thread exited: 0x00000234eff6a250
Event: 371.334 Thread 0x00000234eff6c9b0 Thread exited: 0x00000234eff6c9b0
Event: 416.183 Thread 0x00000234eff6bc90 Thread exited: 0x00000234eff6bc90
Event: 430.757 Thread 0x00000234f407a2f0 Thread exited: 0x00000234f407a2f0
Event: 476.193 Thread 0x00000234eff6d6d0 Thread exited: 0x00000234eff6d6d0
Event: 490.758 Thread 0x00000234f4079c60 Thread exited: 0x00000234f4079c60
Event: 536.194 Thread 0x00000234eff6ea80 Thread exited: 0x00000234eff6ea80
Event: 550.758 Thread 0x00000234f4075430 Thread exited: 0x00000234f4075430
Event: 596.194 Thread 0x00000234eff6d040 Thread exited: 0x00000234eff6d040
Event: 9438.882 Thread 0x00000234f407a980 Thread added: 0x00000234f40795d0
Event: 9438.935 Thread 0x00000234efbfd7b0 Thread added: 0x00000234f8d48a10
Event: 9440.264 Thread 0x00000234f8d48a10 Thread exited: 0x00000234f8d48a10
Event: 9440.295 Thread 0x00000234ee1cbff0 Thread added: 0x00000234f8d46ed0
Event: 9440.296 Thread 0x00000234ee1cbff0 Thread added: 0x00000234f8d43850


Dynamic libraries:
0x00007ff694130000 - 0x00007ff69413e000 	C:\Users\cool_\.jdks\corretto-21.0.5\bin\java.exe
0x00007ffcb66d0000 - 0x00007ffcb68e7000 	C:\Windows\SYSTEM32\ntdll.dll
0x00007ffc87460000 - 0x00007ffc8747a000 	C:\Program Files\AVG\Antivirus\aswhook.dll
0x00007ffcb5340000 - 0x00007ffcb5404000 	C:\Windows\System32\KERNEL32.DLL
0x00007ffcb3b40000 - 0x00007ffcb3eed000 	C:\Windows\System32\KERNELBASE.dll
0x00007ffcb3ef0000 - 0x00007ffcb4001000 	C:\Windows\System32\ucrtbase.dll
0x00007ffc80370000 - 0x00007ffc80388000 	C:\Users\cool_\.jdks\corretto-21.0.5\bin\jli.dll
0x00007ffcb5e30000 - 0x00007ffcb5fde000 	C:\Windows\System32\USER32.dll
0x00007ffcb39f0000 - 0x00007ffcb3a16000 	C:\Windows\System32\win32u.dll
0x00007ffc6d8f0000 - 0x00007ffc6d90b000 	C:\Users\cool_\.jdks\corretto-21.0.5\bin\VCRUNTIME140.dll
0x00007ffcb5640000 - 0x00007ffcb5669000 	C:\Windows\System32\GDI32.dll
0x00007ffcb3a20000 - 0x00007ffcb3b39000 	C:\Windows\System32\gdi32full.dll
0x00007ffcb41c0000 - 0x00007ffcb425a000 	C:\Windows\System32\msvcp_win.dll
0x00007ffcb2eb0000 - 0x00007ffcb3143000 	C:\Windows\WinSxS\amd64_microsoft.windows.common-controls_6595b64144ccf1df_6.0.22621.3672_none_2713b9d173822955\COMCTL32.dll
0x00007ffcb4f90000 - 0x00007ffcb5037000 	C:\Windows\System32\msvcrt.dll
0x00007ffcb61c0000 - 0x00007ffcb61f1000 	C:\Windows\System32\IMM32.DLL
0x00007ffc9ac50000 - 0x00007ffc9ac5c000 	C:\Users\cool_\.jdks\corretto-21.0.5\bin\vcruntime140_1.dll
0x00007ffc30f30000 - 0x00007ffc30fbd000 	C:\Users\cool_\.jdks\corretto-21.0.5\bin\msvcp140.dll
0x00007ffc2ddf0000 - 0x00007ffc2eb8d000 	C:\Users\cool_\.jdks\corretto-21.0.5\bin\server\jvm.dll
0x00007ffcb5280000 - 0x00007ffcb5332000 	C:\Windows\System32\ADVAPI32.dll
0x00007ffcb4e80000 - 0x00007ffcb4f29000 	C:\Windows\System32\sechost.dll
0x00007ffcb43d0000 - 0x00007ffcb43f8000 	C:\Windows\System32\bcrypt.dll
0x00007ffcb54c0000 - 0x00007ffcb55d4000 	C:\Windows\System32\RPCRT4.dll
0x00007ffcb5200000 - 0x00007ffcb5271000 	C:\Windows\System32\WS2_32.dll
0x00007ffcb3810000 - 0x00007ffcb385d000 	C:\Windows\SYSTEM32\POWRPROF.dll
0x00007ffcac080000 - 0x00007ffcac0b4000 	C:\Windows\SYSTEM32\WINMM.dll
0x00007ffcb0850000 - 0x00007ffcb085a000 	C:\Windows\SYSTEM32\VERSION.dll
0x00007ffcb36f0000 - 0x00007ffcb3703000 	C:\Windows\SYSTEM32\UMPDC.dll
0x00007ffcb2120000 - 0x00007ffcb2138000 	C:\Windows\SYSTEM32\kernel.appcore.dll
0x00007ffc805e0000 - 0x00007ffc805ea000 	C:\Users\cool_\.jdks\corretto-21.0.5\bin\jimage.dll
0x00007ffcb3260000 - 0x00007ffcb3492000 	C:\Windows\SYSTEM32\DBGHELP.DLL
0x00007ffcb6200000 - 0x00007ffcb658e000 	C:\Windows\System32\combase.dll
0x00007ffcb65a0000 - 0x00007ffcb6677000 	C:\Windows\System32\OLEAUT32.dll
0x00007ffcb3150000 - 0x00007ffcb3182000 	C:\Windows\SYSTEM32\dbgcore.DLL
0x00007ffcb4080000 - 0x00007ffcb40fb000 	C:\Windows\System32\bcryptPrimitives.dll
0x00007ffc76ea0000 - 0x00007ffc76eae000 	C:\Users\cool_\.jdks\corretto-21.0.5\bin\instrument.dll
0x00007ffc6ce70000 - 0x00007ffc6ce8f000 	C:\Users\cool_\.jdks\corretto-21.0.5\bin\java.dll
0x00007ffcb45b0000 - 0x00007ffcb4e17000 	C:\Windows\System32\SHELL32.dll
0x00007ffcb0f10000 - 0x00007ffcb180f000 	C:\Windows\SYSTEM32\windows.storage.dll
0x00007ffcb0da0000 - 0x00007ffcb0edf000 	C:\Windows\SYSTEM32\wintypes.dll
0x00007ffcb60c0000 - 0x00007ffcb61b9000 	C:\Windows\System32\SHCORE.dll
0x00007ffcb4e20000 - 0x00007ffcb4e7e000 	C:\Windows\System32\shlwapi.dll
0x00007ffcb3920000 - 0x00007ffcb3947000 	C:\Windows\SYSTEM32\profapi.dll
0x00007ffc30aa0000 - 0x00007ffc30b77000 	C:\Users\cool_\.jdks\corretto-21.0.5\bin\jsvml.dll
0x00007ffc67830000 - 0x00007ffc67848000 	C:\Users\cool_\.jdks\corretto-21.0.5\bin\zip.dll
0x00007ffc76e20000 - 0x00007ffc76e30000 	C:\Users\cool_\.jdks\corretto-21.0.5\bin\net.dll
0x00007ffcad730000 - 0x00007ffcad866000 	C:\Windows\SYSTEM32\WINHTTP.dll
0x00007ffcb2540000 - 0x00007ffcb25a9000 	C:\Windows\system32\mswsock.dll
0x00007ffc641f0000 - 0x00007ffc64206000 	C:\Users\cool_\.jdks\corretto-21.0.5\bin\nio.dll
0x00007ffc74000000 - 0x00007ffc74010000 	C:\Users\cool_\.jdks\corretto-21.0.5\bin\verify.dll
0x00007ffc30270000 - 0x00007ffc302b5000 	C:\Users\cool_\AppData\Roaming\Code\User\globalStorage\redhat.java\1.36.0\config_win\org.eclipse.equinox.launcher\org.eclipse.equinox.launcher.win32.win32.x86_64_1.2.1100.v20240722-2106\eclipse_11904.dll
0x00007ffcb4400000 - 0x00007ffcb45a5000 	C:\Windows\System32\ole32.dll
0x00007ffcb35a0000 - 0x00007ffcb35bb000 	C:\Windows\SYSTEM32\CRYPTSP.dll
0x00007ffcb28c0000 - 0x00007ffcb28f5000 	C:\Windows\system32\rsaenh.dll
0x00007ffcb25b0000 - 0x00007ffcb25d8000 	C:\Windows\SYSTEM32\USERENV.dll
0x00007ffcb28a0000 - 0x00007ffcb28ac000 	C:\Windows\SYSTEM32\CRYPTBASE.dll
0x00007ffcb1c20000 - 0x00007ffcb1c4d000 	C:\Windows\SYSTEM32\IPHLPAPI.DLL
0x00007ffcb6680000 - 0x00007ffcb6689000 	C:\Windows\System32\NSI.dll
0x00007ffc302c0000 - 0x00007ffc30309000 	C:\Users\cool_\AppData\Local\Temp\jna-94845494\jna1086835627611399622.dll
0x00007ffcb6590000 - 0x00007ffcb6598000 	C:\Windows\System32\PSAPI.DLL
0x00007ffcad600000 - 0x00007ffcad619000 	C:\Windows\SYSTEM32\dhcpcsvc6.DLL
0x00007ffcad5a0000 - 0x00007ffcad5bf000 	C:\Windows\SYSTEM32\dhcpcsvc.DLL
0x00007ffca28b0000 - 0x00007ffca28d7000 	C:\Users\cool_\.gradle\native\c067742578af261105cb4f569cf0c3c89f3d7b1fecec35dd04571415982c5e48\windows-amd64\native-platform.dll
0x00007ffcad710000 - 0x00007ffcad719000 	C:\Users\cool_\.jdks\corretto-21.0.5\bin\management.dll
0x00007ffcad700000 - 0x00007ffcad70b000 	C:\Users\cool_\.jdks\corretto-21.0.5\bin\management_ext.dll
0x00007ffca28a0000 - 0x00007ffca28a9000 	C:\Users\cool_\.jdks\corretto-21.0.5\bin\extnet.dll
0x00007ffc90600000 - 0x00007ffc9060e000 	C:\Users\cool_\.jdks\corretto-21.0.5\bin\sunmscapi.dll
0x00007ffcb4260000 - 0x00007ffcb43c6000 	C:\Windows\System32\CRYPT32.dll
0x00007ffcb2bb0000 - 0x00007ffcb2bde000 	C:\Windows\SYSTEM32\ncrypt.dll
0x00007ffcb2b70000 - 0x00007ffcb2ba7000 	C:\Windows\SYSTEM32\NTASN1.dll
0x00007ffc8b540000 - 0x00007ffc8b548000 	C:\Windows\system32\wshunix.dll

dbghelp: loaded successfully - version: 4.0.5 - missing functions: none
symbol engine: initialized successfully - sym options: 0x614 - pdb path: .;C:\Users\cool_\.jdks\corretto-21.0.5\bin;C:\Windows\SYSTEM32;C:\Program Files\AVG\Antivirus;C:\Windows\WinSxS\amd64_microsoft.windows.common-controls_6595b64144ccf1df_6.0.22621.3672_none_2713b9d173822955;C:\Users\cool_\.jdks\corretto-21.0.5\bin\server;C:\Users\cool_\AppData\Roaming\Code\User\globalStorage\redhat.java\1.36.0\config_win\org.eclipse.equinox.launcher\org.eclipse.equinox.launcher.win32.win32.x86_64_1.2.1100.v20240722-2106;C:\Users\cool_\AppData\Local\Temp\jna-94845494;C:\Users\cool_\.gradle\native\c067742578af261105cb4f569cf0c3c89f3d7b1fecec35dd04571415982c5e48\windows-amd64

VM Arguments:
jvm_args: --add-modules=ALL-SYSTEM --add-opens=java.base/java.util=ALL-UNNAMED --add-opens=java.base/java.lang=ALL-UNNAMED --add-opens=java.base/sun.nio.fs=ALL-UNNAMED -Declipse.application=org.eclipse.jdt.ls.core.id1 -Dosgi.bundles.defaultStartLevel=4 -Declipse.product=org.eclipse.jdt.ls.core.product -Djava.import.generatesMetadataFilesAtProjectRoot=false -DDetectVMInstallationsJob.disabled=true -Dfile.encoding=utf8 -XX:+UseParallelGC -XX:GCTimeRatio=4 -XX:AdaptiveSizePolicyWeight=90 -Dsun.zip.disableMemoryMapping=true -Xmx1G -Xms100m -Xlog:disable -javaagent:c:\Users\cool_\.vscode\extensions\redhat.java-1.36.0-win32-x64\lombok\lombok-1.18.35.jar -XX:+HeapDumpOnOutOfMemoryError -XX:HeapDumpPath=c:\Users\cool_\AppData\Roaming\Code\User\workspaceStorage\6cc76fc6901196e0f1eb57a176b7b624\redhat.java -Daether.dependencyCollector.impl=bf 
java_command: c:\Users\cool_\.vscode\extensions\redhat.java-1.36.0-win32-x64\server\plugins\org.eclipse.equinox.launcher_1.6.900.v20240613-2009.jar -configuration c:\Users\cool_\AppData\Roaming\Code\User\globalStorage\redhat.java\1.36.0\config_win -data c:\Users\cool_\AppData\Roaming\Code\User\workspaceStorage\6cc76fc6901196e0f1eb57a176b7b624\redhat.java\jdt_ws --pipe=\\.\pipe\lsp-f70f5703bf57354ae92b8a12bcac9856-sock
java_class_path (initial): c:\Users\cool_\.vscode\extensions\redhat.java-1.36.0-win32-x64\server\plugins\org.eclipse.equinox.launcher_1.6.900.v20240613-2009.jar
Launcher Type: SUN_STANDARD

[Global flags]
    uintx AdaptiveSizePolicyWeight                 = 90                                        {product} {command line}
     intx CICompilerCount                          = 4                                         {product} {ergonomic}
    uintx GCTimeRatio                              = 4                                         {product} {command line}
     bool HeapDumpOnOutOfMemoryError               = true                                   {manageable} {command line}
    ccstr HeapDumpPath                             = c:\Users\cool_\AppData\Roaming\Code\User\workspaceStorage\6cc76fc6901196e0f1eb57a176b7b624\redhat.java         {manageable} {command line}
   size_t InitialHeapSize                          = 104857600                                 {product} {command line}
   size_t MaxHeapSize                              = 1073741824                                {product} {command line}
   size_t MaxNewSize                               = 357564416                                 {product} {ergonomic}
   size_t MinHeapDeltaBytes                        = 524288                                    {product} {ergonomic}
   size_t MinHeapSize                              = 104857600                                 {product} {command line}
   size_t NewSize                                  = 34603008                                  {product} {ergonomic}
    uintx NonNMethodCodeHeapSize                   = 5839372                                {pd product} {ergonomic}
    uintx NonProfiledCodeHeapSize                  = 122909434                              {pd product} {ergonomic}
   size_t OldSize                                  = 70254592                                  {product} {ergonomic}
    uintx ProfiledCodeHeapSize                     = 122909434                              {pd product} {ergonomic}
    uintx ReservedCodeCacheSize                    = 251658240                              {pd product} {ergonomic}
     bool SegmentedCodeCache                       = true                                      {product} {ergonomic}
   size_t SoftMaxHeapSize                          = 1073741824                             {manageable} {ergonomic}
     bool UseCompressedOops                        = true                           {product lp64_product} {ergonomic}
     bool UseLargePagesIndividualAllocation        = false                                  {pd product} {ergonomic}
     bool UseParallelGC                            = true                                      {product} {command line}

Logging:
Log output configuration:
 #0: stdout all=off uptime,level,tags foldmultilines=false
 #1: stderr all=off uptime,level,tags foldmultilines=false

Environment Variables:
JAVA_HOME=C:\Users\cool_\.jdks\corretto-21.0.5
PATH=C:\Python312\Scripts\;C:\Python312\;C:\Windows\system32;C:\Windows;C:\Windows\System32\Wbem;C:\Windows\System32\WindowsPowerShell\v1.0\;C:\Windows\System32\OpenSSH\;C:\Program Files\nodejs\;C:\ProgramData\chocolatey\bin;C:\Program Files (x86)\Gpg4win\..\GnuPG\bin;C:\Program Files\WireGuard\;C:\Program Files\PuTTY\;C:\Program Files\Git\cmd;C:\Users\cool_\.jdks\corretto-21.0.5;;C:\Program Files\Docker\Docker\resources\bin;C:\Users\cool_\.jdks\corretto-21.0.4\bin;C:\Users\cool_\.cargo\bin;C:\Users\cool_\AppData\Local\Microsoft\WindowsApps;C:\Users\cool_\AppData\Local\Programs\Microsoft VS Code\bin;C:\Users\cool_\AppData\Roaming\npm;C:\Program Files\JetBrains\IntelliJ IDEA 2024.2.0.1\bin;;C:\Program Files\Multipass\bin;
USERNAME=cool_
OS=Windows_NT
PROCESSOR_IDENTIFIER=Intel64 Family 6 Model 142 Stepping 12, GenuineIntel
TMP=C:\Users\cool_\AppData\Local\Temp
TEMP=C:\Users\cool_\AppData\Local\Temp




Periodic native trim disabled

---------------  S Y S T E M  ---------------

OS:
 Windows 11 , 64 bit Build 22621 (10.0.22621.3958)
OS uptime: 0 days 2:39 hours
Hyper-V role detected

CPU: total 8 (initial active 8) (4 cores per cpu, 2 threads per core) family 6 model 142 stepping 12 microcode 0xf4, cx8, cmov, fxsr, ht, mmx, 3dnowpref, sse, sse2, sse3, ssse3, sse4.1, sse4.2, popcnt, lzcnt, tsc, tscinvbit, avx, avx2, aes, erms, clmul, bmi1, bmi2, adx, fma, vzeroupper, clflush, clflushopt, hv, rdtscp, f16c
Processor Information for all 8 processors :
  Max Mhz: 2112, Current Mhz: 1910, Mhz Limit: 1900

Memory: 4k page, system-wide physical 32574M (19099M free)
TotalPageFile size 34622M (AvailPageFile size 20184M)
current process WorkingSet (physical memory assigned to process): 709M, peak: 1072M
current process commit charge ("private bytes"): 603M, peak: 982M

vm_info: OpenJDK 64-Bit Server VM (21.0.5+11-LTS) for windows-amd64 JRE (21.0.5+11-LTS), built on 2024-10-11T20:58:34Z by "Administrator" with MS VC++ 16.10 / 16.11 (VS2019)

END.
